<?xml version="1.0" encoding="UTF-8"?>
<testng-results ignored="0" total="13" passed="11" failed="2" skipped="0">
  <reporter-output>
  </reporter-output>
  <suite started-at="2026-08-19T14:54:18 IST" name="CheckOutFlow" finished-at="2026-08-19T14:55:26 IST" duration-ms="67961">
    <groups>
    </groups>
    <test started-at="2026-08-19T14:54:18 IST" name="CheckOutTest" finished-at="2026-08-19T14:54:42 IST" duration-ms="24455">
      <class name="learn.framework.SelectAndCheckOut">
        <test-method signature="selectProductAddToCart()[pri:3, instance:learn.framework.SelectAndCheckOut@b2c9a9c]" started-at="2026-08-19T14:54:27 IST" name="selectProductAddToCart" finished-at="2026-08-19T14:54:38 IST" duration-ms="11461" status="PASS">
          <reporter-output>
          </reporter-output>
        </test-method> <!-- selectProductAddToCart -->
        <test-method is-config="true" signature="initPageObjects()[pri:0, instance:learn.framework.SelectAndCheckOut@b2c9a9c]" started-at="2026-08-19T14:54:27 IST" name="initPageObjects" finished-at="2026-08-19T14:54:27 IST" duration-ms="0" status="PASS">
          <reporter-output>
          </reporter-output>
        </test-method> <!-- initPageObjects -->
        <test-method signature="productCheckout()[pri:4, instance:learn.framework.SelectAndCheckOut@b2c9a9c]" started-at="2026-08-19T14:54:38 IST" name="productCheckout" finished-at="2026-08-19T14:54:42 IST" duration-ms="3805" status="PASS">
          <reporter-output>
          </reporter-output>
        </test-method> <!-- productCheckout -->
      </class> <!-- learn.framework.SelectAndCheckOut -->
      <class name="learn.framework.Login">
        <test-method is-config="true" signature="LaunchBrowser()[pri:0, instance:learn.framework.Login@61322f9d]" started-at="2026-08-19T14:54:18 IST" name="LaunchBrowser" finished-at="2026-08-19T14:54:24 IST" duration-ms="6581" status="PASS">
          <reporter-output>
          </reporter-output>
        </test-method> <!-- LaunchBrowser -->
        <test-method is-config="true" signature="initPageObjects()[pri:0, instance:learn.framework.Login@61322f9d]" started-at="2026-08-19T14:54:24 IST" name="initPageObjects" finished-at="2026-08-19T14:54:24 IST" duration-ms="19" status="PASS">
          <reporter-output>
          </reporter-output>
        </test-method> <!-- initPageObjects -->
        <test-method signature="verifyLogin()[pri:1, instance:learn.framework.Login@61322f9d]" started-at="2026-08-19T14:54:24 IST" name="verifyLogin" finished-at="2026-08-19T14:54:26 IST" duration-ms="2059" status="PASS">
          <reporter-output>
          </reporter-output>
        </test-method> <!-- verifyLogin -->
        <test-method signature="verifyDashBoardPage()[pri:2, instance:learn.framework.Login@61322f9d]" started-at="2026-08-19T14:54:26 IST" name="verifyDashBoardPage" finished-at="2026-08-19T14:54:27 IST" duration-ms="182" status="PASS">
          <reporter-output>
          </reporter-output>
        </test-method> <!-- verifyDashBoardPage -->
        <test-method is-config="true" signature="ShutDown()[pri:0, instance:learn.framework.Login@61322f9d]" started-at="2026-08-19T14:54:42 IST" name="ShutDown" finished-at="2026-08-19T14:54:42 IST" duration-ms="272" status="PASS">
          <reporter-output>
          </reporter-output>
        </test-method> <!-- ShutDown -->
      </class> <!-- learn.framework.Login -->
    </test> <!-- CheckOutTest -->
    <test started-at="2026-08-19T14:54:42 IST" name="RemoveProductAndCheckOutTest" finished-at="2026-08-19T14:55:04 IST" duration-ms="21616">
      <class name="learn.framework.RemoveProductAndCheckOut">
        <test-method is-config="true" signature="initPageObjects()[pri:0, instance:learn.framework.RemoveProductAndCheckOut@4e3958e7]" started-at="2026-08-19T14:54:44 IST" name="initPageObjects" finished-at="2026-08-19T14:54:44 IST" duration-ms="5" status="PASS">
          <reporter-output>
          </reporter-output>
        </test-method> <!-- initPageObjects -->
        <test-method signature="AddProductsToCart()[pri:3, instance:learn.framework.RemoveProductAndCheckOut@4e3958e7]" started-at="2026-08-19T14:54:44 IST" name="AddProductsToCart" finished-at="2026-08-19T14:54:58 IST" duration-ms="13403" status="PASS">
          <reporter-output>
          </reporter-output>
        </test-method> <!-- AddProductsToCart -->
        <test-method signature="RemoveTheProduct()[pri:4, instance:learn.framework.RemoveProductAndCheckOut@4e3958e7]" started-at="2026-08-19T14:54:58 IST" name="RemoveTheProduct" finished-at="2026-08-19T14:54:59 IST" duration-ms="1076" status="PASS">
          <reporter-output>
          </reporter-output>
        </test-method> <!-- RemoveTheProduct -->
        <test-method signature="productCheckout()[pri:5, instance:learn.framework.RemoveProductAndCheckOut@4e3958e7]" started-at="2026-08-19T14:54:59 IST" name="productCheckout" finished-at="2026-08-19T14:55:04 IST" duration-ms="4858" status="PASS">
          <reporter-output>
          </reporter-output>
        </test-method> <!-- productCheckout -->
      </class> <!-- learn.framework.RemoveProductAndCheckOut -->
      <class name="learn.framework.Login">
        <test-method is-config="true" signature="LaunchBrowser()[pri:0, instance:learn.framework.Login@6ab778a]" started-at="2026-08-19T14:54:42 IST" name="LaunchBrowser" finished-at="2026-08-19T14:54:43 IST" duration-ms="1017" status="PASS">
          <reporter-output>
          </reporter-output>
        </test-method> <!-- LaunchBrowser -->
        <test-method is-config="true" signature="initPageObjects()[pri:0, instance:learn.framework.Login@6ab778a]" started-at="2026-08-19T14:54:43 IST" name="initPageObjects" finished-at="2026-08-19T14:54:43 IST" duration-ms="4" status="PASS">
          <reporter-output>
          </reporter-output>
        </test-method> <!-- initPageObjects -->
        <test-method signature="verifyLogin()[pri:1, instance:learn.framework.Login@6ab778a]" started-at="2026-08-19T14:54:43 IST" name="verifyLogin" finished-at="2026-08-19T14:54:44 IST" duration-ms="773" status="PASS">
          <reporter-output>
          </reporter-output>
        </test-method> <!-- verifyLogin -->
        <test-method signature="verifyDashBoardPage()[pri:2, instance:learn.framework.Login@6ab778a]" started-at="2026-08-19T14:54:44 IST" name="verifyDashBoardPage" finished-at="2026-08-19T14:54:44 IST" duration-ms="208" status="PASS">
          <reporter-output>
          </reporter-output>
        </test-method> <!-- verifyDashBoardPage -->
        <test-method is-config="true" signature="ShutDown()[pri:0, instance:learn.framework.Login@6ab778a]" started-at="2026-08-19T14:55:04 IST" name="ShutDown" finished-at="2026-08-19T14:55:04 IST" duration-ms="256" status="PASS">
          <reporter-output>
          </reporter-output>
        </test-method> <!-- ShutDown -->
      </class> <!-- learn.framework.Login -->
    </test> <!-- RemoveProductAndCheckOutTest -->
    <test started-at="2026-08-19T14:55:04 IST" name="ErrorScenarios" finished-at="2026-08-19T14:55:26 IST" duration-ms="21842">
      <class name="learn.framework.ErrorScenarios">
        <test-method is-config="true" signature="LaunchBrowser()[pri:0, instance:learn.framework.ErrorScenarios@313b2ea6]" started-at="2026-08-19T14:55:04 IST" name="LaunchBrowser" finished-at="2026-08-19T14:55:05 IST" duration-ms="1364" status="PASS">
          <reporter-output>
          </reporter-output>
        </test-method> <!-- LaunchBrowser -->
        <test-method is-config="true" signature="initPageObjects()[pri:0, instance:learn.framework.ErrorScenarios@313b2ea6]" started-at="2026-08-19T14:55:05 IST" name="initPageObjects" finished-at="2026-08-19T14:55:05 IST" duration-ms="3" status="PASS">
          <reporter-output>
          </reporter-output>
        </test-method> <!-- initPageObjects -->
        <test-method signature="errorMessagesOnLoginPage(java.lang.String,java.lang.String)[pri:1, instance:learn.framework.ErrorScenarios@313b2ea6]" started-at="2026-08-19T14:55:05 IST" name="errorMessagesOnLoginPage" data-provider="loginCredentials" finished-at="2026-08-19T14:55:08 IST" duration-ms="2452" status="PASS">
          <params>
            <param index="0">
              <value>
                <![CDATA[admin_user]]>
              </value>
            </param>
            <param index="1">
              <value>
                <![CDATA[admin@2026]]>
              </value>
            </param>
          </params>
          <reporter-output>
          </reporter-output>
        </test-method> <!-- errorMessagesOnLoginPage -->
        <test-method signature="errorMessagesOnLoginPage(java.lang.String,java.lang.String)[pri:1, instance:learn.framework.ErrorScenarios@313b2ea6]" started-at="2026-08-19T14:55:08 IST" name="errorMessagesOnLoginPage" data-provider="loginCredentials" finished-at="2026-08-19T14:55:08 IST" duration-ms="61" status="FAIL">
          <params>
            <param index="0">
              <value is-null="true"/>
            </param>
            <param index="1">
              <value is-null="true"/>
            </param>
          </params>
          <exception class="java.lang.IllegalArgumentException">
            <message>
              <![CDATA[Keys to send must be set]]>
            </message>
            <full-stacktrace>
              <![CDATA[java.lang.IllegalArgumentException: Keys to send must be set
at org.openqa.selenium.internal.Require.nonNull(Require.java:68)
at org.openqa.selenium.remote.RemoteWebElement.sendKeys(RemoteWebElement.java:99)
at src.test.resources.LoginPO.enterUsername(LoginPO.java:30)
at src.test.resources.LoginPO.loginToApplication(LoginPO.java:51)
at learn.framework.ErrorScenarios.errorMessagesOnLoginPage(ErrorScenarios.java:62)
at java.base/jdk.internal.reflect.NativeMethodAccessorImpl.invoke0(Native Method)
at java.base/jdk.internal.reflect.NativeMethodAccessorImpl.invoke(NativeMethodAccessorImpl.java:77)
at java.base/jdk.internal.reflect.DelegatingMethodAccessorImpl.invoke(DelegatingMethodAccessorImpl.java:43)
at java.base/java.lang.reflect.Method.invoke(Method.java:568)
at org.testng.internal.invokers.MethodInvocationHelper.invokeMethod(MethodInvocationHelper.java:141)
at org.testng.internal.invokers.TestInvoker.invokeMethod(TestInvoker.java:687)
at org.testng.internal.invokers.TestInvoker.invokeTestMethod(TestInvoker.java:230)
at org.testng.internal.invokers.MethodRunner.runInSequence(MethodRunner.java:63)
at org.testng.internal.invokers.TestInvoker$MethodInvocationAgent.invoke(TestInvoker.java:995)
at org.testng.internal.invokers.TestInvoker.invokeTestMethods(TestInvoker.java:203)
at org.testng.internal.invokers.TestMethodWorker.invokeTestMethods(TestMethodWorker.java:154)
at org.testng.internal.invokers.TestMethodWorker.run(TestMethodWorker.java:134)
at java.base/java.util.ArrayList.forEach(ArrayList.java:1511)
at org.testng.TestRunner.privateRun(TestRunner.java:741)
at org.testng.TestRunner.run(TestRunner.java:616)
at org.testng.SuiteRunner.runTest(SuiteRunner.java:421)
at org.testng.SuiteRunner.runSequentially(SuiteRunner.java:413)
at org.testng.SuiteRunner.privateRun(SuiteRunner.java:373)
at org.testng.SuiteRunner.run(SuiteRunner.java:312)
at org.testng.SuiteRunnerWorker.runSuite(SuiteRunnerWorker.java:52)
at org.testng.SuiteRunnerWorker.run(SuiteRunnerWorker.java:95)
at org.testng.TestNG.runSuitesSequentially(TestNG.java:1274)
at org.testng.TestNG.runSuitesLocally(TestNG.java:1208)
at org.testng.TestNG.runSuites(TestNG.java:1112)
at org.testng.TestNG.run(TestNG.java:1079)
at org.testng.remote.AbstractRemoteTestNG.run(AbstractRemoteTestNG.java:115)
at org.testng.remote.RemoteTestNG.initAndRun(RemoteTestNG.java:293)
at org.testng.remote.RemoteTestNG.main(RemoteTestNG.java:91)
]]>
            </full-stacktrace>
          </exception> <!-- java.lang.IllegalArgumentException -->
          <reporter-output>
          </reporter-output>
        </test-method> <!-- errorMessagesOnLoginPage -->
        <test-method signature="errorMessagesOnLoginPage(java.lang.String,java.lang.String)[pri:1, instance:learn.framework.ErrorScenarios@313b2ea6]" started-at="2026-08-19T14:55:08 IST" name="errorMessagesOnLoginPage" data-provider="loginCredentials" finished-at="2026-08-19T14:55:08 IST" duration-ms="24" status="FAIL">
          <params>
            <param index="0">
              <value is-null="true"/>
            </param>
            <param index="1">
              <value is-null="true"/>
            </param>
          </params>
          <exception class="java.lang.IllegalArgumentException">
            <message>
              <![CDATA[Keys to send must be set]]>
            </message>
            <full-stacktrace>
              <![CDATA[java.lang.IllegalArgumentException: Keys to send must be set
at org.openqa.selenium.internal.Require.nonNull(Require.java:68)
at org.openqa.selenium.remote.RemoteWebElement.sendKeys(RemoteWebElement.java:99)
at src.test.resources.LoginPO.enterUsername(LoginPO.java:27)
at src.test.resources.LoginPO.loginToApplication(LoginPO.java:51)
at learn.framework.ErrorScenarios.errorMessagesOnLoginPage(ErrorScenarios.java:62)
at java.base/jdk.internal.reflect.NativeMethodAccessorImpl.invoke0(Native Method)
at java.base/jdk.internal.reflect.NativeMethodAccessorImpl.invoke(NativeMethodAccessorImpl.java:77)
at java.base/jdk.internal.reflect.DelegatingMethodAccessorImpl.invoke(DelegatingMethodAccessorImpl.java:43)
at java.base/java.lang.reflect.Method.invoke(Method.java:568)
at org.testng.internal.invokers.MethodInvocationHelper.invokeMethod(MethodInvocationHelper.java:141)
at org.testng.internal.invokers.TestInvoker.invokeMethod(TestInvoker.java:687)
at org.testng.internal.invokers.TestInvoker.invokeTestMethod(TestInvoker.java:230)
at org.testng.internal.invokers.MethodRunner.runInSequence(MethodRunner.java:63)
at org.testng.internal.invokers.TestInvoker$MethodInvocationAgent.invoke(TestInvoker.java:995)
at org.testng.internal.invokers.TestInvoker.invokeTestMethods(TestInvoker.java:203)
at org.testng.internal.invokers.TestMethodWorker.invokeTestMethods(TestMethodWorker.java:154)
at org.testng.internal.invokers.TestMethodWorker.run(TestMethodWorker.java:134)
at java.base/java.util.ArrayList.forEach(ArrayList.java:1511)
at org.testng.TestRunner.privateRun(TestRunner.java:741)
at org.testng.TestRunner.run(TestRunner.java:616)
at org.testng.SuiteRunner.runTest(SuiteRunner.java:421)
at org.testng.SuiteRunner.runSequentially(SuiteRunner.java:413)
at org.testng.SuiteRunner.privateRun(SuiteRunner.java:373)
at org.testng.SuiteRunner.run(SuiteRunner.java:312)
at org.testng.SuiteRunnerWorker.runSuite(SuiteRunnerWorker.java:52)
at org.testng.SuiteRunnerWorker.run(SuiteRunnerWorker.java:95)
at org.testng.TestNG.runSuitesSequentially(TestNG.java:1274)
at org.testng.TestNG.runSuitesLocally(TestNG.java:1208)
at org.testng.TestNG.runSuites(TestNG.java:1112)
at org.testng.TestNG.run(TestNG.java:1079)
at org.testng.remote.AbstractRemoteTestNG.run(AbstractRemoteTestNG.java:115)
at org.testng.remote.RemoteTestNG.initAndRun(RemoteTestNG.java:293)
at org.testng.remote.RemoteTestNG.main(RemoteTestNG.java:91)
]]>
            </full-stacktrace>
          </exception> <!-- java.lang.IllegalArgumentException -->
          <reporter-output>
          </reporter-output>
        </test-method> <!-- errorMessagesOnLoginPage -->
        <test-method signature="errorMessagesOnCheckOutPage()[pri:2, instance:learn.framework.ErrorScenarios@313b2ea6]" started-at="2026-08-19T14:55:08 IST" name="errorMessagesOnCheckOutPage" finished-at="2026-08-19T14:55:25 IST" duration-ms="17594" status="PASS">
          <reporter-output>
          </reporter-output>
        </test-method> <!-- errorMessagesOnCheckOutPage -->
        <test-method is-config="true" signature="ShutDown()[pri:0, instance:learn.framework.ErrorScenarios@313b2ea6]" started-at="2026-08-19T14:55:25 IST" name="ShutDown" finished-at="2026-08-19T14:55:26 IST" duration-ms="259" status="PASS">
          <reporter-output>
          </reporter-output>
        </test-method> <!-- ShutDown -->
      </class> <!-- learn.framework.ErrorScenarios -->
    </test> <!-- ErrorScenarios -->
  </suite> <!-- CheckOutFlow -->
</testng-results>
