<?xml version="1.0" encoding="UTF-8"?>
<!-- Generated by org.testng.reporters.JUnitXMLReporter -->
<testsuite ignored="2" hostname="DESKTOP-PI1E5HG" failures="0" tests="4" name="CheckOutTest" time="24.455" errors="0" timestamp="2026-08-19T14:54:42 IST">
  <testcase classname="learn.framework.Login" name="verifyLogin" time="2.059"/>
  <testcase classname="learn.framework.Login" name="verifyDashBoardPage" time="0.182"/>
  <testcase classname="learn.framework.SelectAndCheckOut" name="selectProductAddToCart" time="11.461"/>
  <testcase classname="learn.framework.SelectAndCheckOut" name="productCheckout" time="3.805"/>
  <testcase classname="learn.framework.BaseTest" name="@AfterTest ShutDown" time="0.0">
    <ignored/>
  </testcase> <!-- @AfterTest ShutDown -->
  <testcase classname="learn.framework.BaseTest" name="@BeforeTest LaunchBrowser" time="0.0">
    <ignored/>
  </testcase> <!-- @BeforeTest LaunchBrowser -->
</testsuite> <!-- CheckOutTest -->
