<?xml version="1.0" encoding="UTF-8"?>
<!-- Generated by org.testng.reporters.JUnitXMLReporter -->
<testsuite ignored="2" hostname="DESKTOP-PI1E5HG" failures="0" tests="4" name="CheckOutTest" time="23.675" errors="0" timestamp="2026-08-10T18:10:03 IST">
  <testcase classname="learn.framework.Login" name="verifyLogin" time="1.877"/>
  <testcase classname="learn.framework.Login" name="verifyDashBoardPage" time="0.277"/>
  <testcase classname="learn.framework.SelectAndCheckOut" name="selectProductAddToCart" time="11.534"/>
  <testcase classname="learn.framework.SelectAndCheckOut" name="productCheckout" time="3.966"/>
  <testcase classname="learn.framework.BaseTest" name="@AfterTest ShutDown" time="0.0">
    <ignored/>
  </testcase> <!-- @AfterTest ShutDown -->
  <testcase classname="learn.framework.BaseTest" name="@BeforeTest LaunchBrowser" time="0.0">
    <ignored/>
  </testcase> <!-- @BeforeTest LaunchBrowser -->
</testsuite> <!-- CheckOutTest -->
