<?xml version="1.0" encoding="UTF-8"?>
<!-- Generated by org.testng.reporters.JUnitXMLReporter -->
<testsuite ignored="0" hostname="DESKTOP-PI1E5HG" failures="2" tests="4" name="ErrorScenarios" time="22.373" errors="0" timestamp="2026-08-10T18:10:48 IST">
  <testcase classname="learn.framework.ErrorScenarios" name="errorMessagesOnLoginPage" time="2.328"/>
  <testcase classname="learn.framework.ErrorScenarios" name="errorMessagesOnLoginPage" time="0.075">
    <failure type="java.lang.IllegalArgumentException" message="Keys to send must be set">
      <![CDATA[java.lang.IllegalArgumentException: Keys to send must be set
at org.openqa.selenium.internal.Require.nonNull(Require.java:68)
at org.openqa.selenium.remote.RemoteWebElement.sendKeys(RemoteWebElement.java:99)
at src.test.resources.LoginPO.enterUsername(LoginPO.java:30)
at src.test.resources.LoginPO.loginToApplication(LoginPO.java:51)
at learn.framework.ErrorScenarios.errorMessagesOnLoginPage(ErrorScenarios.java:62)
at java.base/java.util.ArrayList.forEach(ArrayList.java:1511)
... Removed 27 stack frames]]>
    </failure>
  </testcase> <!-- errorMessagesOnLoginPage -->
  <testcase classname="learn.framework.ErrorScenarios" name="errorMessagesOnLoginPage" time="0.025">
    <failure type="java.lang.IllegalArgumentException" message="Keys to send must be set">
      <![CDATA[java.lang.IllegalArgumentException: Keys to send must be set
at org.openqa.selenium.internal.Require.nonNull(Require.java:68)
at org.openqa.selenium.remote.RemoteWebElement.sendKeys(RemoteWebElement.java:99)
at src.test.resources.LoginPO.enterUsername(LoginPO.java:27)
at src.test.resources.LoginPO.loginToApplication(LoginPO.java:51)
at learn.framework.ErrorScenarios.errorMessagesOnLoginPage(ErrorScenarios.java:62)
at java.base/java.util.ArrayList.forEach(ArrayList.java:1511)
... Removed 27 stack frames]]>
    </failure>
  </testcase> <!-- errorMessagesOnLoginPage -->
  <testcase classname="learn.framework.ErrorScenarios" name="errorMessagesOnCheckOutPage" time="17.689"/>
</testsuite> <!-- ErrorScenarios -->
