<?xml version="1.0" encoding="UTF-8"?>
<!-- Generated by org.testng.reporters.JUnitXMLReporter -->
<testsuite ignored="2" hostname="DESKTOP-PI1E5HG" failures="0" tests="5" name="RemoveProductAndCheckOutTest" time="21.616" errors="0" timestamp="2026-08-19T14:55:04 IST">
  <testcase classname="learn.framework.Login" name="verifyLogin" time="0.773"/>
  <testcase classname="learn.framework.Login" name="verifyDashBoardPage" time="0.208"/>
  <testcase classname="learn.framework.RemoveProductAndCheckOut" name="AddProductsToCart" time="13.403"/>
  <testcase classname="learn.framework.RemoveProductAndCheckOut" name="RemoveTheProduct" time="1.076"/>
  <testcase classname="learn.framework.RemoveProductAndCheckOut" name="productCheckout" time="4.858"/>
  <testcase classname="learn.framework.BaseTest" name="@AfterTest ShutDown" time="0.0">
    <ignored/>
  </testcase> <!-- @AfterTest ShutDown -->
  <testcase classname="learn.framework.BaseTest" name="@BeforeTest LaunchBrowser" time="0.0">
    <ignored/>
  </testcase> <!-- @BeforeTest LaunchBrowser -->
</testsuite> <!-- RemoveProductAndCheckOutTest -->
