<?xml version="1.0" encoding="UTF-8"?>
<!-- Generated by org.testng.reporters.JUnitXMLReporter -->
<testsuite ignored="2" hostname="DESKTOP-PI1E5HG" failures="0" tests="5" name="RemoveProductAndCheckOutTest" time="22.149" errors="0" timestamp="2026-08-10T18:10:25 IST">
  <testcase classname="learn.framework.Login" name="verifyLogin" time="0.45"/>
  <testcase classname="learn.framework.Login" name="verifyDashBoardPage" time="0.196"/>
  <testcase classname="learn.framework.RemoveProductAndCheckOut" name="AddProductsToCart" time="13.461"/>
  <testcase classname="learn.framework.RemoveProductAndCheckOut" name="RemoveTheProduct" time="1.094"/>
  <testcase classname="learn.framework.RemoveProductAndCheckOut" name="productCheckout" time="4.943"/>
  <testcase classname="learn.framework.BaseTest" name="@BeforeTest LaunchBrowser" time="0.0">
    <ignored/>
  </testcase> <!-- @BeforeTest LaunchBrowser -->
  <testcase classname="learn.framework.BaseTest" name="@AfterTest ShutDown" time="0.0">
    <ignored/>
  </testcase> <!-- @AfterTest ShutDown -->
</testsuite> <!-- RemoveProductAndCheckOutTest -->
