<?xml version="1.0" encoding="UTF-8"?>
<!-- Generated by org.testng.reporters.JUnitReportReporter -->
<testsuite hostname="DESKTOP-PI1E5HG" failures="0" tests="3" name="learn.framework.RemoveProductAndCheckOut" time="19.337" errors="0" timestamp="2026-08-19T14:55:26 IST" skipped="0">
  <testcase classname="learn.framework.RemoveProductAndCheckOut" name="AddProductsToCart" time="13.403"/>
  <testcase classname="learn.framework.RemoveProductAndCheckOut" name="RemoveTheProduct" time="1.076"/>
  <testcase classname="learn.framework.RemoveProductAndCheckOut" name="productCheckout" time="4.858"/>
</testsuite> <!-- learn.framework.RemoveProductAndCheckOut -->
