<?xml version="1.0" encoding="UTF-8"?>
<!-- Generated by org.testng.reporters.JUnitReportReporter -->
<testsuite hostname="DESKTOP-PI1E5HG" failures="0" tests="2" name="learn.framework.SelectAndCheckOut" time="15.266" errors="0" timestamp="2026-08-19T14:55:26 IST" skipped="0">
  <testcase classname="learn.framework.SelectAndCheckOut" name="selectProductAddToCart" time="11.461"/>
  <testcase classname="learn.framework.SelectAndCheckOut" name="productCheckout" time="3.805"/>
</testsuite> <!-- learn.framework.SelectAndCheckOut -->
