<?xml version="1.0" encoding="UTF-8"?>
<!-- Generated by org.testng.reporters.JUnitReportReporter -->
<testsuite hostname="DESKTOP-PI1E5HG" failures="0" tests="2" name="learn.framework.SelectAndCheckOut" time="15.500" errors="0" timestamp="2026-08-10T18:10:48 IST" skipped="0">
  <testcase classname="learn.framework.SelectAndCheckOut" name="selectProductAddToCart" time="11.534"/>
  <testcase classname="learn.framework.SelectAndCheckOut" name="productCheckout" time="3.966"/>
</testsuite> <!-- learn.framework.SelectAndCheckOut -->
