<?xml version="1.0" encoding="UTF-8"?>
<!-- Generated by org.testng.reporters.JUnitReportReporter -->
<testsuite hostname="DESKTOP-PI1E5HG" failures="0" tests="3" name="learn.framework.RemoveProductAndCheckOut" time="19.498" errors="0" timestamp="2026-08-10T18:10:48 IST" skipped="0">
  <testcase classname="learn.framework.RemoveProductAndCheckOut" name="AddProductsToCart" time="13.461"/>
  <testcase classname="learn.framework.RemoveProductAndCheckOut" name="RemoveTheProduct" time="1.094"/>
  <testcase classname="learn.framework.RemoveProductAndCheckOut" name="productCheckout" time="4.943"/>
</testsuite> <!-- learn.framework.RemoveProductAndCheckOut -->
