<?xml version="1.0" encoding="UTF-8"?>
<!-- Generated by org.testng.reporters.JUnitReportReporter -->
<testsuite hostname="DESKTOP-PI1E5HG" failures="0" tests="4" name="learn.framework.Login" time="2.800" errors="0" timestamp="2026-08-10T18:10:48 IST" skipped="0">
  <testcase classname="learn.framework.Login" name="verifyLogin" time="1.877"/>
  <testcase classname="learn.framework.Login" name="verifyLogin" time="0.450"/>
  <testcase classname="learn.framework.Login" name="verifyDashBoardPage" time="0.277"/>
  <testcase classname="learn.framework.Login" name="verifyDashBoardPage" time="0.196"/>
</testsuite> <!-- learn.framework.Login -->
