<?xml version="1.0" encoding="UTF-8"?>
<!-- Generated by org.testng.reporters.JUnitReportReporter -->
<testsuite hostname="DESKTOP-PI1E5HG" failures="0" tests="4" name="learn.framework.Login" time="3.222" errors="0" timestamp="2026-08-19T14:55:26 IST" skipped="0">
  <testcase classname="learn.framework.Login" name="verifyLogin" time="2.059"/>
  <testcase classname="learn.framework.Login" name="verifyLogin" time="0.773"/>
  <testcase classname="learn.framework.Login" name="verifyDashBoardPage" time="0.182"/>
  <testcase classname="learn.framework.Login" name="verifyDashBoardPage" time="0.208"/>
</testsuite> <!-- learn.framework.Login -->
